
=== Fri Jul 24 19:04:01 2020

Packages were changed.
Update Mode: resetToDefaultDependencies

The following packages were added:
  com.unity.textmeshpro@2.0.1
  com.unity.package-manager-ui@2.2.0
  com.unity.collab-proxy@1.2.16
  com.unity.ext.nunit@1.0.0
  com.unity.test-framework@1.0.13
  com.unity.timeline@1.1.0
  com.unity.ide.vscode@1.1.0
  com.unity.ide.rider@1.1.0
  com.unity.ugui@1.0.0
  com.unity.modules.ai@1.0.0
  com.unity.modules.animation@1.0.0
  com.unity.modules.androidjni@1.0.0
  com.unity.modules.assetbundle@1.0.0
  com.unity.modules.audio@1.0.0
  com.unity.modules.cloth@1.0.0
  com.unity.modules.director@1.0.0
  com.unity.modules.imageconversion@1.0.0
  com.unity.modules.imgui@1.0.0
  com.unity.modules.jsonserialize@1.0.0
  com.unity.modules.particlesystem@1.0.0
  com.unity.modules.physics@1.0.0
  com.unity.modules.physics2d@1.0.0
  com.unity.modules.screencapture@1.0.0
  com.unity.modules.terrain@1.0.0
  com.unity.modules.terrainphysics@1.0.0
  com.unity.modules.tilemap@1.0.0
  com.unity.modules.ui@1.0.0
  com.unity.modules.uielements@1.0.0
  com.unity.modules.umbra@1.0.0
  com.unity.modules.unityanalytics@1.0.0
  com.unity.modules.unitywebrequest@1.0.0
  com.unity.modules.unitywebrequestassetbundle@1.0.0
  com.unity.modules.unitywebrequestaudio@1.0.0
  com.unity.modules.unitywebrequesttexture@1.0.0
  com.unity.modules.unitywebrequestwww@1.0.0
  com.unity.modules.vehicles@1.0.0
  com.unity.modules.video@1.0.0
  com.unity.modules.vr@1.0.0
  com.unity.modules.wind@1.0.0
  com.unity.modules.xr@1.0.0

=== Mon May  3 20:43:18 2021

Packages were changed.
Update Mode: updateDependencies

The following packages were added:
  com.unity.ide.visualstudio@2.0.7
The following packages were updated:
  com.unity.ads from version 2.0.8 to 3.6.1
  com.unity.collab-proxy from version 1.2.16 to 1.3.9
  com.unity.ext.nunit from version 1.0.0 to 1.0.6
  com.unity.ide.rider from version 1.1.0 to 2.0.7
  com.unity.ide.vscode from version 1.1.0 to 1.2.3
  com.unity.test-framework from version 1.0.13 to 1.1.22
  com.unity.textmeshpro from version 2.0.1 to 3.0.1
  com.unity.timeline from version 1.1.0 to 1.4.6
The following packages were removed:
  com.unity.package-manager-ui@2.2.0

=== Fri May  7 22:51:31 2021

Packages were changed.
Update Mode: updateDependencies

The following packages were updated:
  com.unity.ads from version 3.6.1 to 3.7.1
  com.unity.purchasing from version 2.2.2 to 3.0.2
  com.unity.test-framework from version 1.1.22 to 1.1.24
  com.unity.timeline from version 1.4.6 to 1.4.7

=== Thu Jul  8 22:12:00 2021

Packages were changed.
Update Mode: updateDependencies

The following packages were updated:
  com.unity.collab-proxy from version 1.3.9 to 1.5.7
  com.unity.ide.visualstudio from version 2.0.7 to 2.0.9
  com.unity.purchasing from version 3.1.0 to 3.2.2
  com.unity.test-framework from version 1.1.24 to 1.1.26
  com.unity.textmeshpro from version 3.0.1 to 3.0.6
  com.unity.timeline from version 1.4.7 to 1.4.8

=== Fri Jul  9 01:57:57 2021

Packages were changed.
Update Mode: resetToDefaultDependencies

The following packages were removed:
  com.unity.2d.sprite@1.0.0
  com.unity.ads@3.7.1
  com.unity.ext.nunit@1.0.6
  com.unity.purchasing@3.2.2

=== Tue Jul 27 21:27:57 2021

Packages were changed.
Update Mode: updateDependencies

The following packages were updated:
  com.unity.collab-proxy from version 1.5.7 to 1.7.1
  com.unity.test-framework from version 1.1.26 to 1.1.27

=== Sat Dec  4 17:58:26 2021

Packages were changed.
Update Mode: updateDependencies

The following packages were updated:
  com.unity.ads from version 3.7.3 to 3.7.5
  com.unity.collab-proxy from version 1.7.1 to 1.15.4
  com.unity.ide.visualstudio from version 2.0.11 to 2.0.12
  com.unity.ide.vscode from version 1.2.3 to 1.2.4
  com.unity.inputsystem from version 1.0.2 to 1.2.0
  com.unity.purchasing from version 3.2.3 to 4.0.3
  com.unity.test-framework from version 1.1.27 to 1.1.29

=== Tue Sep 20 16:49:00 2022

Packages were changed.
Update Mode: updateDependencies

The following packages were updated:
  com.unity.collab-proxy from version 1.15.4 to 1.17.2
  com.unity.ide.rider from version 2.0.7 to 3.0.15
  com.unity.ide.visualstudio from version 2.0.12 to 2.0.16
  com.unity.ide.vscode from version 1.2.4 to 1.2.5
  com.unity.inputsystem from version 1.2.0 to 1.4.1
  com.unity.purchasing from version 3.2.3 to 4.4.0
  com.unity.purchasing.udp from version 2.0.0 to 2.2.4
  com.unity.test-framework from version 1.1.29 to 1.1.31
  com.unity.timeline from version 1.4.8 to 1.6.4

=== Thu Mar  2 16:31:39 2023

Packages were changed.
Update Mode: updateDependencies

The following packages were updated:
  com.unity.collab-proxy from version 1.17.6 to 2.0.0
  com.unity.ide.rider from version 3.0.16 to 3.0.18
  com.unity.ide.visualstudio from version 2.0.16 to 2.0.17
  com.unity.purchasing from version 4.4.1 to 4.5.2

=== Sun Apr  2 19:17:44 2023

Packages were changed.
Update Mode: updateDependencies

The following packages were updated:
  com.unity.collab-proxy from version 2.0.0 to 2.0.1

=== Sat Aug 26 12:29:49 2023

Packages were changed.
Update Mode: updateDependencies

The following packages were added:
  com.unity.ai.navigation@1.1.4
The following packages were updated:
  com.unity.collab-proxy from version 2.0.1 to 2.0.5
  com.unity.ide.rider from version 3.0.18 to 3.0.24
  com.unity.ide.visualstudio from version 2.0.17 to 2.0.18
  com.unity.purchasing from version 4.6.0 to 4.9.3
  com.unity.timeline from version 1.6.4 to 1.7.4
  com.unity.toolchain.win-x86_64-linux-x86_64 from version 2.0.2 to 2.0.4

=== Sat Apr 20 11:21:59 2024

Packages were changed.
Update Mode: updateDependencies

The following packages were updated:
  com.unity.ai.navigation from version 1.1.4 to 1.1.5
  com.unity.collab-proxy from version 2.0.5 to 2.3.1
  com.unity.ide.rider from version 3.0.24 to 3.0.28
  com.unity.ide.visualstudio from version 2.0.18 to 2.0.22
  com.unity.purchasing from version 4.9.3 to 4.11.0
  com.unity.timeline from version 1.7.4 to 1.7.6

=== Thu Jan 16 09:32:13 2025

Packages were changed.
Update Mode: updateDependencies

The following packages were added:
  com.unity.modules.accessibility@1.0.0
  com.unity.multiplayer.center@1.0.0
The following packages were updated:
  com.unity.ai.navigation from version 1.1.5 to 2.0.5
  com.unity.collab-proxy from version 2.3.1 to 2.6.0
  com.unity.ide.rider from version 3.0.28 to 3.0.31
  com.unity.purchasing from version 4.11.0 to 4.12.2
  com.unity.test-framework from version 1.1.33 to 1.4.5
  com.unity.timeline from version 1.7.6 to 1.8.7
  com.unity.toolchain.win-x86_64-linux-x86_64 from version 2.0.6 to 2.0.10
  com.unity.ugui from version 1.0.0 to 2.0.0
The following packages were removed:
  com.unity.textmeshpro@3.0.8
